C:\USERS\USER\DOCUMENTS\ESGI\3A DJV\PROJET BLENDER CONFERENCE\PROJETBLENDERCONF\PROJETBLENDERCONF\DEBUG\DRAWING.OBJ
C:\USERS\USER\DOCUMENTS\ESGI\3A DJV\PROJET BLENDER CONFERENCE\PROJETBLENDERCONF\PROJETBLENDERCONF\DEBUG\VC110.PDB
C:\USERS\USER\DOCUMENTS\ESGI\3A DJV\PROJET BLENDER CONFERENCE\PROJETBLENDERCONF\PROJETBLENDERCONF\DEBUG\QRREADER.OBJ
C:\USERS\USER\DOCUMENTS\ESGI\3A DJV\PROJET BLENDER CONFERENCE\PROJETBLENDERCONF\PROJETBLENDERCONF\DEBUG\MAIN.OBJ
C:\USERS\USER\DOCUMENTS\ESGI\3A DJV\PROJET BLENDER CONFERENCE\PROJETBLENDERCONF\DEBUG\PROJETBLENDERCONF.ILK
C:\USERS\USER\DOCUMENTS\ESGI\3A DJV\PROJET BLENDER CONFERENCE\PROJETBLENDERCONF\DEBUG\PROJETBLENDERCONF.EXE
C:\USERS\USER\DOCUMENTS\ESGI\3A DJV\PROJET BLENDER CONFERENCE\PROJETBLENDERCONF\DEBUG\PROJETBLENDERCONF.PDB
C:\Users\User\Documents\ESGI\3A DJV\PROJET BLENDER CONFERENCE\ProjetBlenderConf\ProjetBlenderConf\Debug\drawing.obj
C:\Users\User\Documents\ESGI\3A DJV\PROJET BLENDER CONFERENCE\ProjetBlenderConf\ProjetBlenderConf\Debug\QRReader.obj
C:\Users\User\Documents\ESGI\3A DJV\PROJET BLENDER CONFERENCE\ProjetBlenderConf\ProjetBlenderConf\Debug\cl.command.1.tlog
C:\Users\User\Documents\ESGI\3A DJV\PROJET BLENDER CONFERENCE\ProjetBlenderConf\ProjetBlenderConf\Debug\CL.read.1.tlog
C:\Users\User\Documents\ESGI\3A DJV\PROJET BLENDER CONFERENCE\ProjetBlenderConf\ProjetBlenderConf\Debug\CL.write.1.tlog
C:\Users\User\Documents\ESGI\3A DJV\PROJET BLENDER CONFERENCE\ProjetBlenderConf\ProjetBlenderConf\Debug\link-cvtres.read.1.tlog
C:\Users\User\Documents\ESGI\3A DJV\PROJET BLENDER CONFERENCE\ProjetBlenderConf\ProjetBlenderConf\Debug\link-cvtres.write.1.tlog
C:\Users\User\Documents\ESGI\3A DJV\PROJET BLENDER CONFERENCE\ProjetBlenderConf\ProjetBlenderConf\Debug\link-rc.read.1.tlog
C:\Users\User\Documents\ESGI\3A DJV\PROJET BLENDER CONFERENCE\ProjetBlenderConf\ProjetBlenderConf\Debug\link-rc.write.1.tlog
C:\Users\User\Documents\ESGI\3A DJV\PROJET BLENDER CONFERENCE\ProjetBlenderConf\ProjetBlenderConf\Debug\link.1436-cvtres.read.1.tlog
C:\Users\User\Documents\ESGI\3A DJV\PROJET BLENDER CONFERENCE\ProjetBlenderConf\ProjetBlenderConf\Debug\link.1436-cvtres.write.1.tlog
C:\Users\User\Documents\ESGI\3A DJV\PROJET BLENDER CONFERENCE\ProjetBlenderConf\ProjetBlenderConf\Debug\link.1436-rc.read.1.tlog
C:\Users\User\Documents\ESGI\3A DJV\PROJET BLENDER CONFERENCE\ProjetBlenderConf\ProjetBlenderConf\Debug\link.1436-rc.write.1.tlog
C:\Users\User\Documents\ESGI\3A DJV\PROJET BLENDER CONFERENCE\ProjetBlenderConf\ProjetBlenderConf\Debug\link.1436.read.1.tlog
C:\Users\User\Documents\ESGI\3A DJV\PROJET BLENDER CONFERENCE\ProjetBlenderConf\ProjetBlenderConf\Debug\link.1436.write.1.tlog
C:\Users\User\Documents\ESGI\3A DJV\PROJET BLENDER CONFERENCE\ProjetBlenderConf\ProjetBlenderConf\Debug\link.2412-cvtres.read.1.tlog
C:\Users\User\Documents\ESGI\3A DJV\PROJET BLENDER CONFERENCE\ProjetBlenderConf\ProjetBlenderConf\Debug\link.2412-cvtres.write.1.tlog
C:\Users\User\Documents\ESGI\3A DJV\PROJET BLENDER CONFERENCE\ProjetBlenderConf\ProjetBlenderConf\Debug\link.2412-rc.read.1.tlog
C:\Users\User\Documents\ESGI\3A DJV\PROJET BLENDER CONFERENCE\ProjetBlenderConf\ProjetBlenderConf\Debug\link.2412-rc.write.1.tlog
C:\Users\User\Documents\ESGI\3A DJV\PROJET BLENDER CONFERENCE\ProjetBlenderConf\ProjetBlenderConf\Debug\link.2412.read.1.tlog
C:\Users\User\Documents\ESGI\3A DJV\PROJET BLENDER CONFERENCE\ProjetBlenderConf\ProjetBlenderConf\Debug\link.2412.write.1.tlog
C:\Users\User\Documents\ESGI\3A DJV\PROJET BLENDER CONFERENCE\ProjetBlenderConf\ProjetBlenderConf\Debug\link.3856-cvtres.read.1.tlog
C:\Users\User\Documents\ESGI\3A DJV\PROJET BLENDER CONFERENCE\ProjetBlenderConf\ProjetBlenderConf\Debug\link.3856-cvtres.write.1.tlog
C:\Users\User\Documents\ESGI\3A DJV\PROJET BLENDER CONFERENCE\ProjetBlenderConf\ProjetBlenderConf\Debug\link.3856-rc.read.1.tlog
C:\Users\User\Documents\ESGI\3A DJV\PROJET BLENDER CONFERENCE\ProjetBlenderConf\ProjetBlenderConf\Debug\link.3856-rc.write.1.tlog
C:\Users\User\Documents\ESGI\3A DJV\PROJET BLENDER CONFERENCE\ProjetBlenderConf\ProjetBlenderConf\Debug\link.3856.read.1.tlog
C:\Users\User\Documents\ESGI\3A DJV\PROJET BLENDER CONFERENCE\ProjetBlenderConf\ProjetBlenderConf\Debug\link.3856.write.1.tlog
C:\Users\User\Documents\ESGI\3A DJV\PROJET BLENDER CONFERENCE\ProjetBlenderConf\ProjetBlenderConf\Debug\link.4468-cvtres.read.1.tlog
C:\Users\User\Documents\ESGI\3A DJV\PROJET BLENDER CONFERENCE\ProjetBlenderConf\ProjetBlenderConf\Debug\link.4468-cvtres.write.1.tlog
C:\Users\User\Documents\ESGI\3A DJV\PROJET BLENDER CONFERENCE\ProjetBlenderConf\ProjetBlenderConf\Debug\link.4468-rc.read.1.tlog
C:\Users\User\Documents\ESGI\3A DJV\PROJET BLENDER CONFERENCE\ProjetBlenderConf\ProjetBlenderConf\Debug\link.4468-rc.write.1.tlog
C:\Users\User\Documents\ESGI\3A DJV\PROJET BLENDER CONFERENCE\ProjetBlenderConf\ProjetBlenderConf\Debug\link.4468.read.1.tlog
C:\Users\User\Documents\ESGI\3A DJV\PROJET BLENDER CONFERENCE\ProjetBlenderConf\ProjetBlenderConf\Debug\link.4468.write.1.tlog
C:\Users\User\Documents\ESGI\3A DJV\PROJET BLENDER CONFERENCE\ProjetBlenderConf\ProjetBlenderConf\Debug\link.4932-cvtres.read.1.tlog
C:\Users\User\Documents\ESGI\3A DJV\PROJET BLENDER CONFERENCE\ProjetBlenderConf\ProjetBlenderConf\Debug\link.4932-cvtres.write.1.tlog
C:\Users\User\Documents\ESGI\3A DJV\PROJET BLENDER CONFERENCE\ProjetBlenderConf\ProjetBlenderConf\Debug\link.4932-rc.read.1.tlog
C:\Users\User\Documents\ESGI\3A DJV\PROJET BLENDER CONFERENCE\ProjetBlenderConf\ProjetBlenderConf\Debug\link.4932-rc.write.1.tlog
C:\Users\User\Documents\ESGI\3A DJV\PROJET BLENDER CONFERENCE\ProjetBlenderConf\ProjetBlenderConf\Debug\link.4932.read.1.tlog
C:\Users\User\Documents\ESGI\3A DJV\PROJET BLENDER CONFERENCE\ProjetBlenderConf\ProjetBlenderConf\Debug\link.4932.write.1.tlog
C:\Users\User\Documents\ESGI\3A DJV\PROJET BLENDER CONFERENCE\ProjetBlenderConf\ProjetBlenderConf\Debug\link.6544-cvtres.read.1.tlog
C:\Users\User\Documents\ESGI\3A DJV\PROJET BLENDER CONFERENCE\ProjetBlenderConf\ProjetBlenderConf\Debug\link.6544-cvtres.write.1.tlog
C:\Users\User\Documents\ESGI\3A DJV\PROJET BLENDER CONFERENCE\ProjetBlenderConf\ProjetBlenderConf\Debug\link.6544-rc.read.1.tlog
C:\Users\User\Documents\ESGI\3A DJV\PROJET BLENDER CONFERENCE\ProjetBlenderConf\ProjetBlenderConf\Debug\link.6544-rc.write.1.tlog
C:\Users\User\Documents\ESGI\3A DJV\PROJET BLENDER CONFERENCE\ProjetBlenderConf\ProjetBlenderConf\Debug\link.6544.read.1.tlog
C:\Users\User\Documents\ESGI\3A DJV\PROJET BLENDER CONFERENCE\ProjetBlenderConf\ProjetBlenderConf\Debug\link.6544.write.1.tlog
C:\Users\User\Documents\ESGI\3A DJV\PROJET BLENDER CONFERENCE\ProjetBlenderConf\ProjetBlenderConf\Debug\link.7120-cvtres.read.1.tlog
C:\Users\User\Documents\ESGI\3A DJV\PROJET BLENDER CONFERENCE\ProjetBlenderConf\ProjetBlenderConf\Debug\link.7120-cvtres.write.1.tlog
C:\Users\User\Documents\ESGI\3A DJV\PROJET BLENDER CONFERENCE\ProjetBlenderConf\ProjetBlenderConf\Debug\link.7120-rc.read.1.tlog
C:\Users\User\Documents\ESGI\3A DJV\PROJET BLENDER CONFERENCE\ProjetBlenderConf\ProjetBlenderConf\Debug\link.7120-rc.write.1.tlog
C:\Users\User\Documents\ESGI\3A DJV\PROJET BLENDER CONFERENCE\ProjetBlenderConf\ProjetBlenderConf\Debug\link.7120.read.1.tlog
C:\Users\User\Documents\ESGI\3A DJV\PROJET BLENDER CONFERENCE\ProjetBlenderConf\ProjetBlenderConf\Debug\link.7120.write.1.tlog
C:\Users\User\Documents\ESGI\3A DJV\PROJET BLENDER CONFERENCE\ProjetBlenderConf\ProjetBlenderConf\Debug\link.7368-cvtres.read.1.tlog
C:\Users\User\Documents\ESGI\3A DJV\PROJET BLENDER CONFERENCE\ProjetBlenderConf\ProjetBlenderConf\Debug\link.7368-cvtres.write.1.tlog
C:\Users\User\Documents\ESGI\3A DJV\PROJET BLENDER CONFERENCE\ProjetBlenderConf\ProjetBlenderConf\Debug\link.7368-rc.read.1.tlog
C:\Users\User\Documents\ESGI\3A DJV\PROJET BLENDER CONFERENCE\ProjetBlenderConf\ProjetBlenderConf\Debug\link.7368-rc.write.1.tlog
C:\Users\User\Documents\ESGI\3A DJV\PROJET BLENDER CONFERENCE\ProjetBlenderConf\ProjetBlenderConf\Debug\link.7368.read.1.tlog
C:\Users\User\Documents\ESGI\3A DJV\PROJET BLENDER CONFERENCE\ProjetBlenderConf\ProjetBlenderConf\Debug\link.7368.write.1.tlog
C:\Users\User\Documents\ESGI\3A DJV\PROJET BLENDER CONFERENCE\ProjetBlenderConf\ProjetBlenderConf\Debug\link.8040-cvtres.read.1.tlog
C:\Users\User\Documents\ESGI\3A DJV\PROJET BLENDER CONFERENCE\ProjetBlenderConf\ProjetBlenderConf\Debug\link.8040-cvtres.write.1.tlog
C:\Users\User\Documents\ESGI\3A DJV\PROJET BLENDER CONFERENCE\ProjetBlenderConf\ProjetBlenderConf\Debug\link.8040-rc.read.1.tlog
C:\Users\User\Documents\ESGI\3A DJV\PROJET BLENDER CONFERENCE\ProjetBlenderConf\ProjetBlenderConf\Debug\link.8040-rc.write.1.tlog
C:\Users\User\Documents\ESGI\3A DJV\PROJET BLENDER CONFERENCE\ProjetBlenderConf\ProjetBlenderConf\Debug\link.8040.read.1.tlog
C:\Users\User\Documents\ESGI\3A DJV\PROJET BLENDER CONFERENCE\ProjetBlenderConf\ProjetBlenderConf\Debug\link.8040.write.1.tlog
C:\Users\User\Documents\ESGI\3A DJV\PROJET BLENDER CONFERENCE\ProjetBlenderConf\ProjetBlenderConf\Debug\link.command.1.tlog
C:\Users\User\Documents\ESGI\3A DJV\PROJET BLENDER CONFERENCE\ProjetBlenderConf\ProjetBlenderConf\Debug\link.read.1.tlog
C:\Users\User\Documents\ESGI\3A DJV\PROJET BLENDER CONFERENCE\ProjetBlenderConf\ProjetBlenderConf\Debug\link.write.1.tlog
C:\Users\User\Documents\ESGI\3A DJV\PROJET BLENDER CONFERENCE\ProjetBlenderConf\ProjetBlenderConf\Debug\vc110.idb
C:\Users\User\Documents\ESGI\3A DJV\PROJET BLENDER CONFERENCE\ProjetBlenderConf\ProjetBlenderConf\Debug\vc110.pdb
C:\Users\User\Documents\ESGI\3A DJV\PROJET BLENDER CONFERENCE\ProjetBlenderConf\Debug\ProjetBlenderConf.pdb
C:\Users\User\Documents\ESGI\3A DJV\PROJET BLENDER CONFERENCE\ProjetBlenderConf\Debug\ProjetBlenderConf.exe
C:\Users\User\Documents\ESGI\3A DJV\PROJET BLENDER CONFERENCE\ProjetBlenderConf\Debug\ProjetBlenderConf.ilk
