La génération a démarré 21/06/2016 16:18:23.
     1>Projet "C:\Users\User\Documents\ESGI\3A DJV\PROJET BLENDER CONFERENCE\Projet3DCapture\Projet3DCapture\Projet3DCapture.vcxproj" sur le nœud 2 (Build cible(s)).
     1>ClCompile:
         C:\Program Files (x86)\Microsoft Visual Studio 11.0\VC\bin\CL.exe /c /IC:\opencv\build\include /IC:\opencv\build\include\opencv2 /ZI /nologo /W3 /WX- /sdl /Od /Oy- /D WIN32 /D _DEBUG /D _CONSOLE /D _UNICODE /D UNICODE /Gm /EHsc /RTC1 /MDd /GS /fp:precise /Zc:wchar_t /Zc:forScope /Fo"Debug\\" /Fd"Debug\vc110.pdb" /Gd /TP /analyze- /errorReport:prompt CCapture.cpp
         CCapture.cpp
     1>c:\users\user\documents\esgi\3a djv\projet blender conference\projet3dcapture\projet3dcapture\ccapture.cpp(78): warning C4018: '<' : incompatibilité signed/unsigned
     1>c:\users\user\documents\esgi\3a djv\projet blender conference\projet3dcapture\projet3dcapture\ccapture.cpp(80): warning C4244: 'argument' : conversion de 'double' en 'float', perte possible de données
     1>c:\users\user\documents\esgi\3a djv\projet blender conference\projet3dcapture\projet3dcapture\ccapture.cpp(91): warning C4018: '<' : incompatibilité signed/unsigned
     1>c:\users\user\documents\esgi\3a djv\projet blender conference\projet3dcapture\projet3dcapture\ccapture.cpp(181): warning C4018: '<' : incompatibilité signed/unsigned
     1>c:\users\user\documents\esgi\3a djv\projet blender conference\projet3dcapture\projet3dcapture\ccapture.cpp(209): warning C4244: 'argument' : conversion de 'int' en 'float', perte possible de données
     1>c:\users\user\documents\esgi\3a djv\projet blender conference\projet3dcapture\projet3dcapture\ccapture.cpp(210): warning C4244: 'argument' : conversion de 'int' en 'float', perte possible de données
     1>c:\users\user\documents\esgi\3a djv\projet blender conference\projet3dcapture\projet3dcapture\ccapture.cpp(211): warning C4244: 'argument' : conversion de 'int' en 'float', perte possible de données
     1>c:\users\user\documents\esgi\3a djv\projet blender conference\projet3dcapture\projet3dcapture\ccapture.cpp(48): warning C4101: 'areat' : variable locale non référencée
     1>c:\users\user\documents\esgi\3a djv\projet blender conference\projet3dcapture\projet3dcapture\ccapture.cpp(48): warning C4101: 'large' : variable locale non référencée
     1>c:\users\user\documents\esgi\3a djv\projet blender conference\projet3dcapture\projet3dcapture\ccapture.cpp(48): warning C4101: 'arear' : variable locale non référencée
     1>c:\users\user\documents\esgi\3a djv\projet blender conference\projet3dcapture\projet3dcapture\ccapture.cpp(48): warning C4101: 'areab' : variable locale non référencée
     1>c:\users\user\documents\esgi\3a djv\projet blender conference\projet3dcapture\projet3dcapture\ccapture.cpp(48): warning C4101: 'padding' : variable locale non référencée
     1>c:\users\user\documents\esgi\3a djv\projet blender conference\projet3dcapture\projet3dcapture\ccapture.cpp(179): warning C4101: 'area_bottom' : variable locale non référencée
     1>c:\users\user\documents\esgi\3a djv\projet blender conference\projet3dcapture\projet3dcapture\ccapture.cpp(179): warning C4101: 'area_right' : variable locale non référencée
     1>c:\users\user\documents\esgi\3a djv\projet blender conference\projet3dcapture\projet3dcapture\ccapture.cpp(179): warning C4101: 'area_top' : variable locale non référencée
     1>c:\users\user\documents\esgi\3a djv\projet blender conference\projet3dcapture\projet3dcapture\ccapture.cpp(380): warning C4244: '=' : conversion de 'int' en 'float', perte possible de données
     1>c:\users\user\documents\esgi\3a djv\projet blender conference\projet3dcapture\projet3dcapture\ccapture.cpp(381): warning C4244: '=' : conversion de 'int' en 'float', perte possible de données
     1>c:\users\user\documents\esgi\3a djv\projet blender conference\projet3dcapture\projet3dcapture\ccapture.cpp(383): warning C4244: '=' : conversion de 'int' en 'float', perte possible de données
     1>c:\users\user\documents\esgi\3a djv\projet blender conference\projet3dcapture\projet3dcapture\ccapture.cpp(384): warning C4244: '=' : conversion de 'int' en 'float', perte possible de données
     1>c:\users\user\documents\esgi\3a djv\projet blender conference\projet3dcapture\projet3dcapture\ccapture.cpp(411): warning C4018: '<' : incompatibilité signed/unsigned
     1>c:\users\user\documents\esgi\3a djv\projet blender conference\projet3dcapture\projet3dcapture\ccapture.cpp(438): warning C4244: 'initialisation' : conversion de 'float' en 'int', perte possible de données
     1>c:\users\user\documents\esgi\3a djv\projet blender conference\projet3dcapture\projet3dcapture\ccapture.cpp(439): warning C4244: 'initialisation' : conversion de 'float' en 'int', perte possible de données
     1>c:\users\user\documents\esgi\3a djv\projet blender conference\projet3dcapture\projet3dcapture\ccapture.cpp(441): warning C4018: '<' : incompatibilité signed/unsigned
       Link:
         C:\Program Files (x86)\Microsoft Visual Studio 11.0\VC\bin\link.exe /ERRORREPORT:PROMPT /OUT:"C:\Users\User\Documents\ESGI\3A DJV\PROJET BLENDER CONFERENCE\Projet3DCapture\Debug\Projet3DCapture.exe" /INCREMENTAL /NOLOGO kernel32.lib user32.lib gdi32.lib winspool.lib comdlg32.lib advapi32.lib shell32.lib ole32.lib oleaut32.lib uuid.lib odbc32.lib odbccp32.lib /MANIFEST /MANIFESTUAC:"level='asInvoker' uiAccess='false'" /manifest:embed /DEBUG /PDB:"C:\Users\User\Documents\ESGI\3A DJV\PROJET BLENDER CONFERENCE\Projet3DCapture\Debug\Projet3DCapture.pdb" /SUBSYSTEM:CONSOLE /TLBID:1 /DYNAMICBASE /NXCOMPAT /IMPLIB:"C:\Users\User\Documents\ESGI\3A DJV\PROJET BLENDER CONFERENCE\Projet3DCapture\Debug\Projet3DCapture.lib" /MACHINE:X86 Debug\CCapture.obj
         Debug\CImage.obj
         Debug\Main.obj
         Debug\stdafx.obj
     1>CCapture.obj : error LNK2019: symbole externe non résolu "public: __thiscall cv::Exception::Exception(int,class std::basic_string<char,struct std::char_traits<char>,class std::allocator<char> > const &,class std::basic_string<char,struct std::char_traits<char>,class std::allocator<char> > const &,class std::basic_string<char,struct std::char_traits<char>,class std::allocator<char> > const &,int)" (??0Exception@cv@@QAE@HABV?$basic_string@DU?$char_traits@D@std@@V?$allocator@D@2@@std@@00H@Z) référencé dans la fonction "public: int & __thiscall cv::Vec<int,4>::operator[](int)" (??A?$Vec@H$03@cv@@QAEAAHH@Z)
     1>CImage.obj : error LNK2001: symbole externe non résolu "public: __thiscall cv::Exception::Exception(int,class std::basic_string<char,struct std::char_traits<char>,class std::allocator<char> > const &,class std::basic_string<char,struct std::char_traits<char>,class std::allocator<char> > const &,class std::basic_string<char,struct std::char_traits<char>,class std::allocator<char> > const &,int)" (??0Exception@cv@@QAE@HABV?$basic_string@DU?$char_traits@D@std@@V?$allocator@D@2@@std@@00H@Z)
     1>CCapture.obj : error LNK2019: symbole externe non résolu "public: virtual __thiscall cv::Exception::~Exception(void)" (??1Exception@cv@@UAE@XZ) référencé dans la fonction "public: int & __thiscall cv::Vec<int,4>::operator[](int)" (??A?$Vec@H$03@cv@@QAEAAHH@Z)
     1>CImage.obj : error LNK2001: symbole externe non résolu "public: virtual __thiscall cv::Exception::~Exception(void)" (??1Exception@cv@@UAE@XZ)
     1>CCapture.obj : error LNK2019: symbole externe non résolu "void __cdecl cv::error(class cv::Exception const &)" (?error@cv@@YAXABVException@1@@Z) référencé dans la fonction "public: int & __thiscall cv::Vec<int,4>::operator[](int)" (??A?$Vec@H$03@cv@@QAEAAHH@Z)
     1>CImage.obj : error LNK2001: symbole externe non résolu "void __cdecl cv::error(class cv::Exception const &)" (?error@cv@@YAXABVException@1@@Z)
     1>CCapture.obj : error LNK2019: symbole externe non résolu "void __cdecl cv::fastFree(void *)" (?fastFree@cv@@YAXPAX@Z) référencé dans la fonction "public: __thiscall cv::Mat::~Mat(void)" (??1Mat@cv@@QAE@XZ)
     1>CImage.obj : error LNK2001: symbole externe non résolu "void __cdecl cv::fastFree(void *)" (?fastFree@cv@@YAXPAX@Z)
     1>CCapture.obj : error LNK2019: symbole externe non résolu "public: __thiscall cv::_InputArray::_InputArray(class cv::Mat const &)" (??0_InputArray@cv@@QAE@ABVMat@1@@Z) référencé dans la fonction "public: int __thiscall CCapture::InitLoop(void)" (?InitLoop@CCapture@@QAEHXZ)
     1>CImage.obj : error LNK2001: symbole externe non résolu "public: __thiscall cv::_InputArray::_InputArray(class cv::Mat const &)" (??0_InputArray@cv@@QAE@ABVMat@1@@Z)
     1>CCapture.obj : error LNK2001: symbole externe non résolu "public: virtual class cv::Mat __thiscall cv::_InputArray::getMat(int)const " (?getMat@_InputArray@cv@@UBE?AVMat@2@H@Z)
     1>CImage.obj : error LNK2019: symbole externe non résolu "public: virtual class cv::Mat __thiscall cv::_InputArray::getMat(int)const " (?getMat@_InputArray@cv@@UBE?AVMat@2@H@Z) référencé dans la fonction "public: __thiscall cv::_InputArray::_InputArray<class cv::Point_<int> >(class std::vector<class cv::Point_<int>,class std::allocator<class cv::Point_<int> > > const &)" (??$?0V?$Point_@H@cv@@@_InputArray@cv@@QAE@ABV?$vector@V?$Point_@H@cv@@V?$allocator@V?$Point_@H@cv@@@std@@@std@@@Z)
     1>CCapture.obj : error LNK2001: symbole externe non résolu "public: virtual void __thiscall cv::_InputArray::getMatVector(class std::vector<class cv::Mat,class std::allocator<class cv::Mat> > &)const " (?getMatVector@_InputArray@cv@@UBEXAAV?$vector@VMat@cv@@V?$allocator@VMat@cv@@@std@@@std@@@Z)
     1>CImage.obj : error LNK2001: symbole externe non résolu "public: virtual void __thiscall cv::_InputArray::getMatVector(class std::vector<class cv::Mat,class std::allocator<class cv::Mat> > &)const " (?getMatVector@_InputArray@cv@@UBEXAAV?$vector@VMat@cv@@V?$allocator@VMat@cv@@@std@@@std@@@Z)
     1>CCapture.obj : error LNK2001: symbole externe non résolu "public: virtual class cv::GlBuffer __thiscall cv::_InputArray::getGlBuffer(void)const " (?getGlBuffer@_InputArray@cv@@UBE?AVGlBuffer@2@XZ)
     1>CImage.obj : error LNK2019: symbole externe non résolu "public: virtual class cv::GlBuffer __thiscall cv::_InputArray::getGlBuffer(void)const " (?getGlBuffer@_InputArray@cv@@UBE?AVGlBuffer@2@XZ) référencé dans la fonction "public: int __thiscall CImage::main(int,char * *)" (?main@CImage@@QAEHHPAPAD@Z)
     1>CCapture.obj : error LNK2001: symbole externe non résolu "public: virtual class cv::GlTexture __thiscall cv::_InputArray::getGlTexture(void)const " (?getGlTexture@_InputArray@cv@@UBE?AVGlTexture@2@XZ)
     1>CImage.obj : error LNK2001: symbole externe non résolu "public: virtual class cv::GlTexture __thiscall cv::_InputArray::getGlTexture(void)const " (?getGlTexture@_InputArray@cv@@UBE?AVGlTexture@2@XZ)
     1>CCapture.obj : error LNK2001: symbole externe non résolu "public: virtual class cv::gpu::GpuMat __thiscall cv::_InputArray::getGpuMat(void)const " (?getGpuMat@_InputArray@cv@@UBE?AVGpuMat@gpu@2@XZ)
     1>CImage.obj : error LNK2001: symbole externe non résolu "public: virtual class cv::gpu::GpuMat __thiscall cv::_InputArray::getGpuMat(void)const " (?getGpuMat@_InputArray@cv@@UBE?AVGpuMat@gpu@2@XZ)
     1>CCapture.obj : error LNK2001: symbole externe non résolu "public: virtual int __thiscall cv::_InputArray::kind(void)const " (?kind@_InputArray@cv@@UBEHXZ)
     1>CImage.obj : error LNK2001: symbole externe non résolu "public: virtual int __thiscall cv::_InputArray::kind(void)const " (?kind@_InputArray@cv@@UBEHXZ)
     1>CCapture.obj : error LNK2001: symbole externe non résolu "public: virtual class cv::Size_<int> __thiscall cv::_InputArray::size(int)const " (?size@_InputArray@cv@@UBE?AV?$Size_@H@2@H@Z)
     1>CImage.obj : error LNK2001: symbole externe non résolu "public: virtual class cv::Size_<int> __thiscall cv::_InputArray::size(int)const " (?size@_InputArray@cv@@UBE?AV?$Size_@H@2@H@Z)
     1>CCapture.obj : error LNK2001: symbole externe non résolu "public: virtual unsigned int __thiscall cv::_InputArray::total(int)const " (?total@_InputArray@cv@@UBEIH@Z)
     1>CImage.obj : error LNK2001: symbole externe non résolu "public: virtual unsigned int __thiscall cv::_InputArray::total(int)const " (?total@_InputArray@cv@@UBEIH@Z)
     1>CCapture.obj : error LNK2001: symbole externe non résolu "public: virtual int __thiscall cv::_InputArray::type(int)const " (?type@_InputArray@cv@@UBEHH@Z)
     1>CImage.obj : error LNK2001: symbole externe non résolu "public: virtual int __thiscall cv::_InputArray::type(int)const " (?type@_InputArray@cv@@UBEHH@Z)
     1>CCapture.obj : error LNK2001: symbole externe non résolu "public: virtual int __thiscall cv::_InputArray::depth(int)const " (?depth@_InputArray@cv@@UBEHH@Z)
     1>CImage.obj : error LNK2001: symbole externe non résolu "public: virtual int __thiscall cv::_InputArray::depth(int)const " (?depth@_InputArray@cv@@UBEHH@Z)
     1>CCapture.obj : error LNK2001: symbole externe non résolu "public: virtual int __thiscall cv::_InputArray::channels(int)const " (?channels@_InputArray@cv@@UBEHH@Z)
     1>CImage.obj : error LNK2001: symbole externe non résolu "public: virtual int __thiscall cv::_InputArray::channels(int)const " (?channels@_InputArray@cv@@UBEHH@Z)
     1>CCapture.obj : error LNK2001: symbole externe non résolu "public: virtual bool __thiscall cv::_InputArray::empty(void)const " (?empty@_InputArray@cv@@UBE_NXZ)
     1>CImage.obj : error LNK2001: symbole externe non résolu "public: virtual bool __thiscall cv::_InputArray::empty(void)const " (?empty@_InputArray@cv@@UBE_NXZ)
     1>CCapture.obj : error LNK2019: symbole externe non résolu "public: __thiscall cv::_OutputArray::_OutputArray(class cv::Mat &)" (??0_OutputArray@cv@@QAE@AAVMat@1@@Z) référencé dans la fonction "public: int __thiscall CCapture::InitLoop(void)" (?InitLoop@CCapture@@QAEHXZ)
     1>CImage.obj : error LNK2001: symbole externe non résolu "public: __thiscall cv::_OutputArray::_OutputArray(class cv::Mat &)" (??0_OutputArray@cv@@QAE@AAVMat@1@@Z)
     1>CCapture.obj : error LNK2001: symbole externe non résolu "public: virtual bool __thiscall cv::_OutputArray::fixedSize(void)const " (?fixedSize@_OutputArray@cv@@UBE_NXZ)
     1>CImage.obj : error LNK2001: symbole externe non résolu "public: virtual bool __thiscall cv::_OutputArray::fixedSize(void)const " (?fixedSize@_OutputArray@cv@@UBE_NXZ)
     1>CCapture.obj : error LNK2001: symbole externe non résolu "public: virtual bool __thiscall cv::_OutputArray::fixedType(void)const " (?fixedType@_OutputArray@cv@@UBE_NXZ)
     1>CImage.obj : error LNK2001: symbole externe non résolu "public: virtual bool __thiscall cv::_OutputArray::fixedType(void)const " (?fixedType@_OutputArray@cv@@UBE_NXZ)
     1>CCapture.obj : error LNK2001: symbole externe non résolu "public: virtual bool __thiscall cv::_OutputArray::needed(void)const " (?needed@_OutputArray@cv@@UBE_NXZ)
     1>CImage.obj : error LNK2019: symbole externe non résolu "public: virtual bool __thiscall cv::_OutputArray::needed(void)const " (?needed@_OutputArray@cv@@UBE_NXZ) référencé dans la fonction "public: int __thiscall CImage::main(int,char * *)" (?main@CImage@@QAEHHPAPAD@Z)
     1>CCapture.obj : error LNK2001: symbole externe non résolu "public: virtual class cv::Mat & __thiscall cv::_OutputArray::getMatRef(int)const " (?getMatRef@_OutputArray@cv@@UBEAAVMat@2@H@Z)
     1>CImage.obj : error LNK2019: symbole externe non résolu "public: virtual class cv::Mat & __thiscall cv::_OutputArray::getMatRef(int)const " (?getMatRef@_OutputArray@cv@@UBEAAVMat@2@H@Z) référencé dans la fonction "public: int __thiscall CImage::main(int,char * *)" (?main@CImage@@QAEHHPAPAD@Z)
     1>CCapture.obj : error LNK2001: symbole externe non résolu "public: virtual void __thiscall cv::_OutputArray::create(class cv::Size_<int>,int,int,bool,int)const " (?create@_OutputArray@cv@@UBEXV?$Size_@H@2@HH_NH@Z)
     1>CImage.obj : error LNK2019: symbole externe non résolu "public: virtual void __thiscall cv::_OutputArray::create(class cv::Size_<int>,int,int,bool,int)const " (?create@_OutputArray@cv@@UBEXV?$Size_@H@2@HH_NH@Z) référencé dans la fonction "public: __thiscall cv::Mat::Mat(class cv::Size_<int>,int)" (??0Mat@cv@@QAE@V?$Size_@H@1@H@Z)
     1>CCapture.obj : error LNK2001: symbole externe non résolu "public: virtual void __thiscall cv::_OutputArray::create(int,int,int,int,bool,int)const " (?create@_OutputArray@cv@@UBEXHHHH_NH@Z)
     1>CImage.obj : error LNK2019: symbole externe non résolu "public: virtual void __thiscall cv::_OutputArray::create(int,int,int,int,bool,int)const " (?create@_OutputArray@cv@@UBEXHHHH_NH@Z) référencé dans la fonction "public: void __thiscall cv::Mat::create(int,int,int)" (?create@Mat@cv@@QAEXHHH@Z)
     1>CCapture.obj : error LNK2001: symbole externe non résolu "public: virtual void __thiscall cv::_OutputArray::create(int,int const *,int,int,bool,int)const " (?create@_OutputArray@cv@@UBEXHPBHHH_NH@Z)
     1>CImage.obj : error LNK2019: symbole externe non résolu "public: virtual void __thiscall cv::_OutputArray::create(int,int const *,int,int,bool,int)const " (?create@_OutputArray@cv@@UBEXHPBHHH_NH@Z) référencé dans la fonction "public: __thiscall cv::Mat::~Mat(void)" (??1Mat@cv@@QAE@XZ)
     1>CCapture.obj : error LNK2001: symbole externe non résolu "public: virtual void __thiscall cv::_OutputArray::release(void)const " (?release@_OutputArray@cv@@UBEXXZ)
     1>CImage.obj : error LNK2019: symbole externe non résolu "public: virtual void __thiscall cv::_OutputArray::release(void)const " (?release@_OutputArray@cv@@UBEXXZ) référencé dans la fonction "public: void __thiscall cv::Mat::release(void)" (?release@Mat@cv@@QAEXXZ)
     1>CCapture.obj : error LNK2001: symbole externe non résolu "public: virtual void __thiscall cv::_OutputArray::clear(void)const " (?clear@_OutputArray@cv@@UBEXXZ)
     1>CImage.obj : error LNK2019: symbole externe non résolu "public: virtual void __thiscall cv::_OutputArray::clear(void)const " (?clear@_OutputArray@cv@@UBEXXZ) référencé dans la fonction "public: class cv::Mat & __thiscall cv::Mat::operator=(class cv::Mat const &)" (??4Mat@cv@@QAEAAV01@ABV01@@Z)
     1>CCapture.obj : error LNK2019: symbole externe non résolu "public: class cv::Mat & __thiscall cv::Mat::operator=(class cv::Scalar_<double> const &)" (??4Mat@cv@@QAEAAV01@ABV?$Scalar_@N@1@@Z) référencé dans la fonction "public: int __thiscall CCapture::InitLoop(void)" (?InitLoop@CCapture@@QAEHXZ)
     1>CImage.obj : error LNK2001: symbole externe non résolu "public: class cv::Mat & __thiscall cv::Mat::operator=(class cv::Scalar_<double> const &)" (??4Mat@cv@@QAEAAV01@ABV?$Scalar_@N@1@@Z)
     1>CCapture.obj : error LNK2019: symbole externe non résolu "public: static class cv::MatExpr __cdecl cv::Mat::zeros(int,int,int)" (?zeros@Mat@cv@@SA?AVMatExpr@2@HHH@Z) référencé dans la fonction "public: int __thiscall CCapture::InitLoop(void)" (?InitLoop@CCapture@@QAEHXZ)
     1>CImage.obj : error LNK2001: symbole externe non résolu "public: static class cv::MatExpr __cdecl cv::Mat::zeros(int,int,int)" (?zeros@Mat@cv@@SA?AVMatExpr@2@HHH@Z)
     1>CCapture.obj : error LNK2019: symbole externe non résolu "public: void __thiscall cv::Mat::create(int,int const *,int)" (?create@Mat@cv@@QAEXHPBHH@Z) référencé dans la fonction "public: void __thiscall cv::Mat::create(int,int,int)" (?create@Mat@cv@@QAEXHHH@Z)
     1>CImage.obj : error LNK2001: symbole externe non résolu "public: void __thiscall cv::Mat::create(int,int const *,int)" (?create@Mat@cv@@QAEXHPBHH@Z)
     1>CCapture.obj : error LNK2019: symbole externe non résolu "public: void __thiscall cv::Mat::deallocate(void)" (?deallocate@Mat@cv@@QAEXXZ) référencé dans la fonction "public: void __thiscall cv::Mat::release(void)" (?release@Mat@cv@@QAEXXZ)
     1>CImage.obj : error LNK2001: symbole externe non résolu "public: void __thiscall cv::Mat::deallocate(void)" (?deallocate@Mat@cv@@QAEXXZ)
     1>CCapture.obj : error LNK2019: symbole externe non résolu "public: void __thiscall cv::Mat::copySize(class cv::Mat const &)" (?copySize@Mat@cv@@QAEXABV12@@Z) référencé dans la fonction "public: class cv::Mat & __thiscall cv::Mat::operator=(class cv::Mat const &)" (??4Mat@cv@@QAEAAV01@ABV01@@Z)
     1>CImage.obj : error LNK2001: symbole externe non résolu "public: void __thiscall cv::Mat::copySize(class cv::Mat const &)" (?copySize@Mat@cv@@QAEXABV12@@Z)
     1>CCapture.obj : error LNK2019: symbole externe non résolu "void __cdecl cv::line(class cv::Mat &,class cv::Point_<int>,class cv::Point_<int>,class cv::Scalar_<double> const &,int,int,int)" (?line@cv@@YAXAAVMat@1@V?$Point_@H@1@1ABV?$Scalar_@N@1@HHH@Z) référencé dans la fonction "public: int __thiscall CCapture::InitLoop(void)" (?InitLoop@CCapture@@QAEHXZ)
     1>CImage.obj : error LNK2001: symbole externe non résolu "void __cdecl cv::line(class cv::Mat &,class cv::Point_<int>,class cv::Point_<int>,class cv::Scalar_<double> const &,int,int,int)" (?line@cv@@YAXAAVMat@1@V?$Point_@H@1@1ABV?$Scalar_@N@1@HHH@Z)
     1>CCapture.obj : error LNK2019: symbole externe non résolu "void __cdecl cv::circle(class cv::Mat &,class cv::Point_<int>,int,class cv::Scalar_<double> const &,int,int,int)" (?circle@cv@@YAXAAVMat@1@V?$Point_@H@1@HABV?$Scalar_@N@1@HHH@Z) référencé dans la fonction "public: int __thiscall CCapture::InitLoop(void)" (?InitLoop@CCapture@@QAEHXZ)
     1>CImage.obj : error LNK2001: symbole externe non résolu "void __cdecl cv::circle(class cv::Mat &,class cv::Point_<int>,int,class cv::Scalar_<double> const &,int,int,int)" (?circle@cv@@YAXAAVMat@1@V?$Point_@H@1@HABV?$Scalar_@N@1@HHH@Z)
     1>CCapture.obj : error LNK2019: symbole externe non résolu "void __cdecl cv::putText(class cv::Mat &,class std::basic_string<char,struct std::char_traits<char>,class std::allocator<char> > const &,class cv::Point_<int>,int,double,class cv::Scalar_<double>,int,int,bool)" (?putText@cv@@YAXAAVMat@1@ABV?$basic_string@DU?$char_traits@D@std@@V?$allocator@D@2@@std@@V?$Point_@H@1@HNV?$Scalar_@N@1@HH_N@Z) référencé dans la fonction "public: int __thiscall CCapture::InitLoop(void)" (?InitLoop@CCapture@@QAEHXZ)
     1>CImage.obj : error LNK2001: symbole externe non résolu "void __cdecl cv::putText(class cv::Mat &,class std::basic_string<char,struct std::char_traits<char>,class std::allocator<char> > const &,class cv::Point_<int>,int,double,class cv::Scalar_<double>,int,int,bool)" (?putText@cv@@YAXAAVMat@1@ABV?$basic_string@DU?$char_traits@D@std@@V?$allocator@D@2@@std@@V?$Point_@H@1@HNV?$Scalar_@N@1@HH_N@Z)
     1>CCapture.obj : error LNK2019: symbole externe non résolu "int __cdecl cv::_interlockedExchangeAdd(int *,int)" (?_interlockedExchangeAdd@cv@@YAHPAHH@Z) référencé dans la fonction "public: class cv::Mat & __thiscall cv::Mat::operator=(class cv::Mat const &)" (??4Mat@cv@@QAEAAV01@ABV01@@Z)
     1>CImage.obj : error LNK2001: symbole externe non résolu "int __cdecl cv::_interlockedExchangeAdd(int *,int)" (?_interlockedExchangeAdd@cv@@YAHPAHH@Z)
     1>CCapture.obj : error LNK2019: symbole externe non résolu "void __cdecl cv::copyMakeBorder(class cv::_InputArray const &,class cv::_OutputArray const &,int,int,int,int,int,class cv::Scalar_<double> const &)" (?copyMakeBorder@cv@@YAXABV_InputArray@1@ABV_OutputArray@1@HHHHHABV?$Scalar_@N@1@@Z) référencé dans la fonction "public: int __thiscall CCapture::InitLoop(void)" (?InitLoop@CCapture@@QAEHXZ)
     1>CImage.obj : error LNK2001: symbole externe non résolu "void __cdecl cv::copyMakeBorder(class cv::_InputArray const &,class cv::_OutputArray const &,int,int,int,int,int,class cv::Scalar_<double> const &)" (?copyMakeBorder@cv@@YAXABV_InputArray@1@ABV_OutputArray@1@HHHHHABV?$Scalar_@N@1@@Z)
     1>CCapture.obj : error LNK2019: symbole externe non résolu "void __cdecl cv::Canny(class cv::_InputArray const &,class cv::_OutputArray const &,double,double,int,bool)" (?Canny@cv@@YAXABV_InputArray@1@ABV_OutputArray@1@NNH_N@Z) référencé dans la fonction "public: int __thiscall CCapture::InitLoop(void)" (?InitLoop@CCapture@@QAEHXZ)
     1>CImage.obj : error LNK2001: symbole externe non résolu "void __cdecl cv::Canny(class cv::_InputArray const &,class cv::_OutputArray const &,double,double,int,bool)" (?Canny@cv@@YAXABV_InputArray@1@ABV_OutputArray@1@NNH_N@Z)
     1>CCapture.obj : error LNK2019: symbole externe non résolu "void __cdecl cv::warpPerspective(class cv::_InputArray const &,class cv::_OutputArray const &,class cv::_InputArray const &,class cv::Size_<int>,int,int,class cv::Scalar_<double> const &)" (?warpPerspective@cv@@YAXABV_InputArray@1@ABV_OutputArray@1@0V?$Size_@H@1@HHABV?$Scalar_@N@1@@Z) référencé dans la fonction "public: int __thiscall CCapture::InitLoop(void)" (?InitLoop@CCapture@@QAEHXZ)
     1>CImage.obj : error LNK2001: symbole externe non résolu "void __cdecl cv::warpPerspective(class cv::_InputArray const &,class cv::_OutputArray const &,class cv::_InputArray const &,class cv::Size_<int>,int,int,class cv::Scalar_<double> const &)" (?warpPerspective@cv@@YAXABV_InputArray@1@ABV_OutputArray@1@0V?$Size_@H@1@HHABV?$Scalar_@N@1@@Z)
     1>CCapture.obj : error LNK2019: symbole externe non résolu "class cv::Mat __cdecl cv::getPerspectiveTransform(class cv::_InputArray const &,class cv::_InputArray const &)" (?getPerspectiveTransform@cv@@YA?AVMat@1@ABV_InputArray@1@0@Z) référencé dans la fonction "public: int __thiscall CCapture::InitLoop(void)" (?InitLoop@CCapture@@QAEHXZ)
     1>CImage.obj : error LNK2001: symbole externe non résolu "class cv::Mat __cdecl cv::getPerspectiveTransform(class cv::_InputArray const &,class cv::_InputArray const &)" (?getPerspectiveTransform@cv@@YA?AVMat@1@ABV_InputArray@1@0@Z)
     1>CCapture.obj : error LNK2019: symbole externe non résolu "double __cdecl cv::threshold(class cv::_InputArray const &,class cv::_OutputArray const &,double,double,int)" (?threshold@cv@@YANABV_InputArray@1@ABV_OutputArray@1@NNH@Z) référencé dans la fonction "public: int __thiscall CCapture::InitLoop(void)" (?InitLoop@CCapture@@QAEHXZ)
     1>CImage.obj : error LNK2001: symbole externe non résolu "double __cdecl cv::threshold(class cv::_InputArray const &,class cv::_OutputArray const &,double,double,int)" (?threshold@cv@@YANABV_InputArray@1@ABV_OutputArray@1@NNH@Z)
     1>CCapture.obj : error LNK2019: symbole externe non résolu "void __cdecl cv::cvtColor(class cv::_InputArray const &,class cv::_OutputArray const &,int,int)" (?cvtColor@cv@@YAXABV_InputArray@1@ABV_OutputArray@1@HH@Z) référencé dans la fonction "public: int __thiscall CCapture::InitLoop(void)" (?InitLoop@CCapture@@QAEHXZ)
     1>CImage.obj : error LNK2001: symbole externe non résolu "void __cdecl cv::cvtColor(class cv::_InputArray const &,class cv::_OutputArray const &,int,int)" (?cvtColor@cv@@YAXABV_InputArray@1@ABV_OutputArray@1@HH@Z)
     1>CCapture.obj : error LNK2019: symbole externe non résolu "public: __thiscall cv::Moments::Moments(void)" (??0Moments@cv@@QAE@XZ) référencé dans la fonction "public: void __thiscall std::allocator<class cv::Moments>::construct(class cv::Moments *)" (?construct@?$allocator@VMoments@cv@@@std@@QAEXPAVMoments@cv@@@Z)
     1>CImage.obj : error LNK2001: symbole externe non résolu "public: __thiscall cv::Moments::Moments(void)" (??0Moments@cv@@QAE@XZ)
     1>CCapture.obj : error LNK2019: symbole externe non résolu "class cv::Moments __cdecl cv::moments(class cv::_InputArray const &,bool)" (?moments@cv@@YA?AVMoments@1@ABV_InputArray@1@_N@Z) référencé dans la fonction "public: int __thiscall CCapture::InitLoop(void)" (?InitLoop@CCapture@@QAEHXZ)
     1>CImage.obj : error LNK2001: symbole externe non résolu "class cv::Moments __cdecl cv::moments(class cv::_InputArray const &,bool)" (?moments@cv@@YA?AVMoments@1@ABV_InputArray@1@_N@Z)
     1>CCapture.obj : error LNK2019: symbole externe non résolu "void __cdecl cv::findContours(class cv::_OutputArray const &,class cv::_OutputArray const &,class cv::_OutputArray const &,int,int,class cv::Point_<int>)" (?findContours@cv@@YAXABV_OutputArray@1@00HHV?$Point_@H@1@@Z) référencé dans la fonction "public: int __thiscall CCapture::InitLoop(void)" (?InitLoop@CCapture@@QAEHXZ)
     1>CImage.obj : error LNK2001: symbole externe non résolu "void __cdecl cv::findContours(class cv::_OutputArray const &,class cv::_OutputArray const &,class cv::_OutputArray const &,int,int,class cv::Point_<int>)" (?findContours@cv@@YAXABV_OutputArray@1@00HHV?$Point_@H@1@@Z)
     1>CCapture.obj : error LNK2019: symbole externe non résolu "void __cdecl cv::drawContours(class cv::_OutputArray const &,class cv::_InputArray const &,int,class cv::Scalar_<double> const &,int,int,class cv::_InputArray const &,int,class cv::Point_<int>)" (?drawContours@cv@@YAXABV_OutputArray@1@ABV_InputArray@1@HABV?$Scalar_@N@1@HH1HV?$Point_@H@1@@Z) référencé dans la fonction "public: int __thiscall CCapture::InitLoop(void)" (?InitLoop@CCapture@@QAEHXZ)
     1>CImage.obj : error LNK2001: symbole externe non résolu "void __cdecl cv::drawContours(class cv::_OutputArray const &,class cv::_InputArray const &,int,class cv::Scalar_<double> const &,int,int,class cv::_InputArray const &,int,class cv::Point_<int>)" (?drawContours@cv@@YAXABV_OutputArray@1@ABV_InputArray@1@HABV?$Scalar_@N@1@HH1HV?$Point_@H@1@@Z)
     1>CCapture.obj : error LNK2019: symbole externe non résolu "class cv::Rect_<int> __cdecl cv::boundingRect(class cv::_InputArray const &)" (?boundingRect@cv@@YA?AV?$Rect_@H@1@ABV_InputArray@1@@Z) référencé dans la fonction "public: void __thiscall CCapture::cv_getVertices(class std::vector<class std::vector<class cv::Point_<int>,class std::allocator<class cv::Point_<int> > >,class std::allocator<class std::vector<class cv::Point_<int>,class std::allocator<class cv::Point_<int> > > > >,int,float,class std::vector<class cv::Point_<float>,class std::allocator<class cv::Point_<float> > > &)" (?cv_getVertices@CCapture@@QAEXV?$vector@V?$vector@V?$Point_@H@cv@@V?$allocator@V?$Point_@H@cv@@@std@@@std@@V?$allocator@V?$vector@V?$Point_@H@cv@@V?$allocator@V?$Point_@H@cv@@@std@@@std@@@2@@std@@HMAAV?$vector@V?$Point_@M@cv@@V?$allocator@V?$Point_@M@cv@@@std@@@3@@Z)
     1>CImage.obj : error LNK2001: symbole externe non résolu "class cv::Rect_<int> __cdecl cv::boundingRect(class cv::_InputArray const &)" (?boundingRect@cv@@YA?AV?$Rect_@H@1@ABV_InputArray@1@@Z)
     1>CCapture.obj : error LNK2019: symbole externe non résolu "double __cdecl cv::contourArea(class cv::_InputArray const &,bool)" (?contourArea@cv@@YANABV_InputArray@1@_N@Z) référencé dans la fonction "public: int __thiscall CCapture::InitLoop(void)" (?InitLoop@CCapture@@QAEHXZ)
     1>CImage.obj : error LNK2001: symbole externe non résolu "double __cdecl cv::contourArea(class cv::_InputArray const &,bool)" (?contourArea@cv@@YANABV_InputArray@1@_N@Z)
     1>CCapture.obj : error LNK2019: symbole externe non résolu "int __cdecl cv::waitKey(int)" (?waitKey@cv@@YAHH@Z) référencé dans la fonction "public: int __thiscall CCapture::InitLoop(void)" (?InitLoop@CCapture@@QAEHXZ)
     1>CImage.obj : error LNK2001: symbole externe non résolu "int __cdecl cv::waitKey(int)" (?waitKey@cv@@YAHH@Z)
     1>CCapture.obj : error LNK2019: symbole externe non résolu "void __cdecl cv::imshow(class std::basic_string<char,struct std::char_traits<char>,class std::allocator<char> > const &,class cv::_InputArray const &)" (?imshow@cv@@YAXABV?$basic_string@DU?$char_traits@D@std@@V?$allocator@D@2@@std@@ABV_InputArray@1@@Z) référencé dans la fonction "public: int __thiscall CCapture::InitLoop(void)" (?InitLoop@CCapture@@QAEHXZ)
     1>CImage.obj : error LNK2001: symbole externe non résolu "void __cdecl cv::imshow(class std::basic_string<char,struct std::char_traits<char>,class std::allocator<char> > const &,class cv::_InputArray const &)" (?imshow@cv@@YAXABV?$basic_string@DU?$char_traits@D@std@@V?$allocator@D@2@@std@@ABV_InputArray@1@@Z)
     1>CCapture.obj : error LNK2019: symbole externe non résolu "public: __thiscall cv::VideoCapture::VideoCapture(int)" (??0VideoCapture@cv@@QAE@H@Z) référencé dans la fonction "public: int __thiscall CCapture::InitLoop(void)" (?InitLoop@CCapture@@QAEHXZ)
     1>CCapture.obj : error LNK2019: symbole externe non résolu "public: virtual __thiscall cv::VideoCapture::~VideoCapture(void)" (??1VideoCapture@cv@@UAE@XZ) référencé dans la fonction "public: int __thiscall CCapture::InitLoop(void)" (?InitLoop@CCapture@@QAEHXZ)
     1>CCapture.obj : error LNK2019: symbole externe non résolu "public: virtual bool __thiscall cv::VideoCapture::isOpened(void)const " (?isOpened@VideoCapture@cv@@UBE_NXZ) référencé dans la fonction "public: int __thiscall CCapture::InitLoop(void)" (?InitLoop@CCapture@@QAEHXZ)
     1>CImage.obj : error LNK2019: symbole externe non résolu "class cv::Mat __cdecl cv::imread(class std::basic_string<char,struct std::char_traits<char>,class std::allocator<char> > const &,int)" (?imread@cv@@YA?AVMat@1@ABV?$basic_string@DU?$char_traits@D@std@@V?$allocator@D@2@@std@@H@Z) référencé dans la fonction "public: int __thiscall CImage::main(int,char * *)" (?main@CImage@@QAEHHPAPAD@Z)
     1>C:\Users\User\Documents\ESGI\3A DJV\PROJET BLENDER CONFERENCE\Projet3DCapture\Debug\Projet3DCapture.exe : fatal error LNK1120: 54 externes non résolus
     1>Génération du projet "C:\Users\User\Documents\ESGI\3A DJV\PROJET BLENDER CONFERENCE\Projet3DCapture\Projet3DCapture\Projet3DCapture.vcxproj" terminée (Build cible(s)) -- ÉCHEC.

ÉCHEC de la build.

Temps écoulé 00:00:01.54
