C:\USERS\USER\DOCUMENTS\ESGI\3A DJV\PROJET BLENDER CONFERENCE\PROJETBLENDERCONF\PROJETBLENDERCONF\X64\DEBUG\DRAWING.OBJ
C:\USERS\USER\DOCUMENTS\ESGI\3A DJV\PROJET BLENDER CONFERENCE\PROJETBLENDERCONF\PROJETBLENDERCONF\X64\DEBUG\VC110.PDB
C:\USERS\USER\DOCUMENTS\ESGI\3A DJV\PROJET BLENDER CONFERENCE\PROJETBLENDERCONF\X64\DEBUG\PROJETBLENDERCONF.ILK
C:\USERS\USER\DOCUMENTS\ESGI\3A DJV\PROJET BLENDER CONFERENCE\PROJETBLENDERCONF\X64\DEBUG\PROJETBLENDERCONF.EXE
C:\USERS\USER\DOCUMENTS\ESGI\3A DJV\PROJET BLENDER CONFERENCE\PROJETBLENDERCONF\X64\DEBUG\PROJETBLENDERCONF.PDB
C:\Users\User\Documents\ESGI\3A DJV\PROJET BLENDER CONFERENCE\ProjetBlenderConf\ProjetBlenderConf\x64\Debug\ProjetBlenderConf.vcxprojResolveAssemblyReference.cache
C:\Users\User\Documents\ESGI\3A DJV\PROJET BLENDER CONFERENCE\ProjetBlenderConf\ProjetBlenderConf\x64\Debug\drawing.obj
C:\Users\User\Documents\ESGI\3A DJV\PROJET BLENDER CONFERENCE\ProjetBlenderConf\ProjetBlenderConf\x64\Debug\cl.command.1.tlog
C:\Users\User\Documents\ESGI\3A DJV\PROJET BLENDER CONFERENCE\ProjetBlenderConf\ProjetBlenderConf\x64\Debug\CL.read.1.tlog
C:\Users\User\Documents\ESGI\3A DJV\PROJET BLENDER CONFERENCE\ProjetBlenderConf\ProjetBlenderConf\x64\Debug\CL.write.1.tlog
C:\Users\User\Documents\ESGI\3A DJV\PROJET BLENDER CONFERENCE\ProjetBlenderConf\ProjetBlenderConf\x64\Debug\link-cvtres.read.1.tlog
C:\Users\User\Documents\ESGI\3A DJV\PROJET BLENDER CONFERENCE\ProjetBlenderConf\ProjetBlenderConf\x64\Debug\link-cvtres.write.1.tlog
C:\Users\User\Documents\ESGI\3A DJV\PROJET BLENDER CONFERENCE\ProjetBlenderConf\ProjetBlenderConf\x64\Debug\link-rc.read.1.tlog
C:\Users\User\Documents\ESGI\3A DJV\PROJET BLENDER CONFERENCE\ProjetBlenderConf\ProjetBlenderConf\x64\Debug\link-rc.write.1.tlog
C:\Users\User\Documents\ESGI\3A DJV\PROJET BLENDER CONFERENCE\ProjetBlenderConf\ProjetBlenderConf\x64\Debug\link.command.1.tlog
C:\Users\User\Documents\ESGI\3A DJV\PROJET BLENDER CONFERENCE\ProjetBlenderConf\ProjetBlenderConf\x64\Debug\link.read.1.tlog
C:\Users\User\Documents\ESGI\3A DJV\PROJET BLENDER CONFERENCE\ProjetBlenderConf\ProjetBlenderConf\x64\Debug\link.write.1.tlog
C:\Users\User\Documents\ESGI\3A DJV\PROJET BLENDER CONFERENCE\ProjetBlenderConf\ProjetBlenderConf\x64\Debug\vc110.idb
C:\Users\User\Documents\ESGI\3A DJV\PROJET BLENDER CONFERENCE\ProjetBlenderConf\ProjetBlenderConf\x64\Debug\vc110.pdb
C:\Users\User\Documents\ESGI\3A DJV\PROJET BLENDER CONFERENCE\ProjetBlenderConf\x64\Debug\ProjetBlenderConf.pdb
C:\Users\User\Documents\ESGI\3A DJV\PROJET BLENDER CONFERENCE\ProjetBlenderConf\x64\Debug\ProjetBlenderConf.exe
C:\Users\User\Documents\ESGI\3A DJV\PROJET BLENDER CONFERENCE\ProjetBlenderConf\x64\Debug\ProjetBlenderConf.ilk
